INFO [02-24|03:09:51.782] Maximum peer count                       ETH=50 LES=0 total=50
INFO [02-24|03:09:51.785] Enabling recording of key preimages since archive mode is used 
INFO [02-24|03:09:52.112] Opened ancient database                  database=/data/geth/chaindata/ancient readonly=false
WARN [02-24|03:09:52.261] full p2p peer                            id=133b4f32d7750cdfd4048f04df8b560be949c229c821731554c33ead5e3888a4 ethPeer="Peer 133b4f32d7750cdf 172.16.239.15:30303"
WARN [02-24|03:09:52.264] full p2p peer                            id=c8f776c1d83d4fddd02782c698c1334496614aed49d2e81526d089f7264fed9c ethPeer="Peer c8f776c1d83d4fdd 172.16.239.14:30303"
WARN [02-24|03:09:52.275] full p2p peer                            id=58e94810eeee14c28613b47e93917cadbace5dfce132b991732c6cda9bcc5b8a ethPeer="Peer 58e94810eeee14c2 172.16.239.11:30303"
INFO [02-24|03:09:55.290] Imported new chain segment               blocks=2   txs=0 mgas=0.000 elapsed=1.187ms     mgasps=0.000 number=107 hash=0f3d4e..5bffd4 dirty=0.00B
INFO [02-24|03:09:55.299] QBFT: start                              address=0x401BDFcd9221CD790E7cd66EeCE303eD4D4B53B1
INFO [02-24|03:10:01.028] Imported new chain segment               blocks=1   txs=0 mgas=0.000 elapsed=1.155ms     mgasps=0.000 number=109 hash=5aa73b..c979e4 dirty=0.00B
WARN [02-24|03:10:05.940] full p2p peer                            id=77e699b8a5282fa3837e39b3e090a28b8a9d0a69ec259cb745036d5d1030e3ea ethPeer="Peer 77e699b8a5282fa3 172.16.239.17:37566"
WARN [02-24|03:10:06.027] Block sealing failed                     err=unauthorized
INFO [02-24|03:10:11.054] Commit new mining work                   number=112 sealhash=58709d..dbd4bb uncles=0 txs=0 gas=0 fees=0 elapsed="526.125µs"
INFO [02-24|03:10:11.055] QBFT: handle final committed             address=0x401BDFcd9221CD790E7cd66EeCE303eD4D4B53B1 current.round=0 current.sequence=111 state="Accept request"
INFO [02-24|03:10:11.057] QBFT: initialize new round               address=0x401BDFcd9221CD790E7cd66EeCE303eD4D4B53B1 current.round=0 current.sequence=111 target.round=0 lastProposal.number=111 lastProposal.hash=5ee489..46cafd
INFO [02-24|03:10:11.057] QBFT: start new round                    address=0x401BDFcd9221CD790E7cd66EeCE303eD4D4B53B1 old.round=0  old.sequence=111 old.state="Accept request" old.proposer=0xcE412f988377e31F4d0fF12d74df73B51C42d0cA next.round=0 next.seq=112 next.proposer=0x27A97C9AaF04f18f3014c32e036dD0Ac76Da5f18 next.valSet="[0x27A97C9AaF04f18f3014c32e036dD0Ac76Da5f18 0x93917cADBace5dFCE132B991732c6Cda9bcC5B8a 0x98C1334496614aED49d2E81526D089f7264fED9C 0xcE412f988377e31F4d0fF12d74df73B51C42d0cA]" next.size=4 next.IsProposer=false
INFO [02-24|03:10:16.189] Imported new chain segment               blocks=1   txs=0 mgas=0.000 elapsed=50.009ms    mgasps=0.000 number=112 hash=23ec14..3f9ba6 dirty=0.00B
INFO [02-24|03:10:21.283] Commit new mining work                   number=114 sealhash=32db94..dff776 uncles=0 txs=0 gas=0 fees=0 elapsed="621.584µs"
INFO [02-24|03:10:30.160] Imported new chain segment               blocks=1   txs=0 mgas=0.000 elapsed=11.618ms    mgasps=0.000 number=114 hash=05cc37..019177 dirty=0.00B
INFO [02-24|03:10:31.417] Commit new mining work                   number=116 sealhash=4dbb6f..ffeaeb uncles=0 txs=0 gas=0 fees=0 elapsed=32.010ms
INFO [02-24|03:10:36.392] Imported new chain segment               blocks=1   txs=0 mgas=0.000 elapsed=32.740ms    mgasps=0.000 number=116 hash=b9c4d4..78a799 dirty=0.00B
INFO [02-24|03:10:36.408] QBFT: handle final committed             address=0x401BDFcd9221CD790E7cd66EeCE303eD4D4B53B1 current.round=0 current.sequence=116 state="Accept request"
INFO [02-24|03:10:36.421] QBFT: initialize new round               address=0x401BDFcd9221CD790E7cd66EeCE303eD4D4B53B1 current.round=0 current.sequence=116 target.round=0 lastProposal.number=116 lastProposal.hash=b9c4d4..78a799
INFO [02-24|03:10:36.487] QBFT: start new round                    address=0x401BDFcd9221CD790E7cd66EeCE303eD4D4B53B1 old.round=0  old.sequence=116 old.state="Accept request" old.proposer=0x27A97C9AaF04f18f3014c32e036dD0Ac76Da5f18 next.round=0 next.seq=117 next.proposer=0x93917cADBace5dFCE132B991732c6Cda9bcC5B8a next.valSet="[0x27A97C9AaF04f18f3014c32e036dD0Ac76Da5f18 0x93917cADBace5dFCE132B991732c6Cda9bcC5B8a 0x98C1334496614aED49d2E81526D089f7264fED9C 0xcE412f988377e31F4d0fF12d74df73B51C42d0cA]" next.size=4 next.IsProposer=false
INFO [02-24|03:10:41.753] Imported new chain segment               blocks=1   txs=0 mgas=0.000 elapsed=74.352ms    mgasps=0.000 number=117 hash=36a9e7..40bd3d dirty=0.00B
INFO [02-24|03:10:41.791] QBFT: start new round                    address=0x401BDFcd9221CD790E7cd66EeCE303eD4D4B53B1 old.round=0  old.sequence=117 old.state="Accept request" old.proposer=0x93917cADBace5dFCE132B991732c6Cda9bcC5B8a next.round=0 next.seq=118 next.proposer=0x98C1334496614aED49d2E81526D089f7264fED9C next.valSet="[0x27A97C9AaF04f18f3014c32e036dD0Ac76Da5f18 0x93917cADBace5dFCE132B991732c6Cda9bcC5B8a 0x98C1334496614aED49d2E81526D089f7264fED9C 0xcE412f988377e31F4d0fF12d74df73B51C42d0cA]" next.size=4 next.IsProposer=false
INFO [02-24|03:10:51.450] Imported new chain segment               blocks=1   txs=0 mgas=0.000 elapsed=74.281ms    mgasps=0.000 number=119 hash=086dd2..5270d5 dirty=0.00B
INFO [02-24|03:10:56.279] Imported new chain segment               blocks=1   txs=0 mgas=0.000 elapsed=20.272ms    mgasps=0.000 number=120 hash=152598..70d415 dirty=0.00B
INFO [02-24|03:10:56.306] QBFT: handle final committed             address=0x401BDFcd9221CD790E7cd66EeCE303eD4D4B53B1 current.round=0 current.sequence=120 state="Accept request"
WARN [02-24|03:10:56.347] Block sealing failed                     err=unauthorized
INFO [02-24|03:11:06.129] Imported new chain segment               blocks=1   txs=0 mgas=0.000 elapsed=6.751ms     mgasps=0.000 number=122 hash=49120b..615126 dirty=0.00B
INFO [02-24|03:11:11.073] Imported new chain segment               blocks=1   txs=0 mgas=0.000 elapsed=26.759ms    mgasps=0.000 number=123 hash=8ee6f2..3bcf2e dirty=0.00B
INFO [02-24|03:11:16.091] Imported new chain segment               blocks=1   txs=0 mgas=0.000 elapsed=11.173ms    mgasps=0.000 number=124 hash=9c7a86..7bfbb4 dirty=0.00B
INFO [02-24|03:11:16.102] Commit new mining work                   number=125 sealhash=de337f..73797c uncles=0 txs=0 gas=0 fees=0 elapsed=7.118ms
INFO [02-24|03:11:27.367] Commit new mining work                   number=127 sealhash=0a5bad..4aad61 uncles=0 txs=0 gas=0 fees=0 elapsed=6.420ms
WARN [02-24|03:11:27.368] Block sealing failed                     err=unauthorized
INFO [02-24|03:11:27.368] QBFT: handle final committed             address=0x401BDFcd9221CD790E7cd66EeCE303eD4D4B53B1 current.round=0 current.sequence=126 state="Accept request"
INFO [02-24|03:11:27.368] QBFT: initialize new round               address=0x401BDFcd9221CD790E7cd66EeCE303eD4D4B53B1 current.round=0 current.sequence=126 target.round=0 lastProposal.number=126 lastProposal.hash=9ad536..e54f42
INFO [02-24|03:11:27.368] QBFT: start new round                    address=0x401BDFcd9221CD790E7cd66EeCE303eD4D4B53B1 old.round=0  old.sequence=126 old.state="Accept request" old.proposer=0x98C1334496614aED49d2E81526D089f7264fED9C next.round=0 next.seq=127 next.proposer=0xcE412f988377e31F4d0fF12d74df73B51C42d0cA next.valSet="[0x27A97C9AaF04f18f3014c32e036dD0Ac76Da5f18 0x93917cADBace5dFCE132B991732c6Cda9bcC5B8a 0x98C1334496614aED49d2E81526D089f7264fED9C 0xcE412f988377e31F4d0fF12d74df73B51C42d0cA]" next.size=4 next.IsProposer=false
INFO [02-24|03:11:41.175] QBFT: handle final committed             address=0x401BDFcd9221CD790E7cd66EeCE303eD4D4B53B1 current.round=0 current.sequence=129 state="Accept request"
INFO [02-24|03:11:41.175] QBFT: initialize new round               address=0x401BDFcd9221CD790E7cd66EeCE303eD4D4B53B1 current.round=0 current.sequence=129 target.round=0 lastProposal.number=129 lastProposal.hash=338759..fa11e1
INFO [02-24|03:11:41.175] QBFT: start new round                    address=0x401BDFcd9221CD790E7cd66EeCE303eD4D4B53B1 old.round=0  old.sequence=129 old.state="Accept request" old.proposer=0x93917cADBace5dFCE132B991732c6Cda9bcC5B8a next.round=0 next.seq=130 next.proposer=0x98C1334496614aED49d2E81526D089f7264fED9C next.valSet="[0x27A97C9AaF04f18f3014c32e036dD0Ac76Da5f18 0x93917cADBace5dFCE132B991732c6Cda9bcC5B8a 0x98C1334496614aED49d2E81526D089f7264fED9C 0xcE412f988377e31F4d0fF12d74df73B51C42d0cA]" next.size=4 next.IsProposer=false
INFO [02-24|03:11:51.203] QBFT: initialize new round               address=0x401BDFcd9221CD790E7cd66EeCE303eD4D4B53B1 current.round=0 current.sequence=131 target.round=0 lastProposal.number=131 lastProposal.hash=1869a7..e519e3
INFO [02-24|03:11:56.959] Imported new chain segment               blocks=1   txs=0 mgas=0.000 elapsed=4.364ms     mgasps=0.000 number=132 hash=e4e95b..e9df0a dirty=0.00B
INFO [02-24|03:11:56.974] Commit new mining work                   number=133 sealhash=dbd129..6bcedf uncles=0 txs=0 gas=0 fees=0 elapsed=1.978ms
WARN [02-24|03:11:56.979] Block sealing failed                     err=unauthorized
INFO [02-24|03:11:56.980] QBFT: handle final committed             address=0x401BDFcd9221CD790E7cd66EeCE303eD4D4B53B1 current.round=0 current.sequence=132 state="Accept request"
INFO [02-24|03:11:57.009] QBFT: initialize new round               address=0x401BDFcd9221CD790E7cd66EeCE303eD4D4B53B1 current.round=0 current.sequence=132 target.round=0 lastProposal.number=132 lastProposal.hash=e4e95b..e9df0a
INFO [02-24|03:12:01.564] Imported new chain segment               blocks=1   txs=0 mgas=0.000 elapsed=23.333ms    mgasps=0.000 number=133 hash=9e1ac6..84774d dirty=0.00B
INFO [02-24|03:12:01.584] Commit new mining work                   number=134 sealhash=7980e3..42632b uncles=0 txs=0 gas=0 fees=0 elapsed=10.571ms
INFO [02-24|03:12:06.236] QBFT: handle final committed             address=0x401BDFcd9221CD790E7cd66EeCE303eD4D4B53B1 current.round=0 current.sequence=134 state="Accept request"
INFO [02-24|03:12:11.386] QBFT: handle final committed             address=0x401BDFcd9221CD790E7cd66EeCE303eD4D4B53B1 current.round=0 current.sequence=135 state="Accept request"
INFO [02-24|03:12:11.386] QBFT: initialize new round               address=0x401BDFcd9221CD790E7cd66EeCE303eD4D4B53B1 current.round=0 current.sequence=135 target.round=0 lastProposal.number=135 lastProposal.hash=8e5412..dfd861
INFO [02-24|03:12:16.102] Imported new chain segment               blocks=1   txs=0 mgas=0.000 elapsed=2.562ms     mgasps=0.000 number=136 hash=358c40..9a883f dirty=0.00B
INFO [02-24|03:12:16.108] QBFT: initialize new round               address=0x401BDFcd9221CD790E7cd66EeCE303eD4D4B53B1 current.round=0 current.sequence=136 target.round=0 lastProposal.number=136 lastProposal.hash=358c40..9a883f
INFO [02-24|03:12:21.205] Imported new chain segment               blocks=1   txs=0 mgas=0.000 elapsed=39.226ms    mgasps=0.000 number=137 hash=23b23a..3946e5 dirty=0.00B
INFO [02-24|03:12:21.218] QBFT: handle final committed             address=0x401BDFcd9221CD790E7cd66EeCE303eD4D4B53B1 current.round=0 current.sequence=137 state="Accept request"
INFO [02-24|03:12:21.218] QBFT: initialize new round               address=0x401BDFcd9221CD790E7cd66EeCE303eD4D4B53B1 current.round=0 current.sequence=137 target.round=0 lastProposal.number=137 lastProposal.hash=23b23a..3946e5
INFO [02-24|03:12:21.218] QBFT: start new round                    address=0x401BDFcd9221CD790E7cd66EeCE303eD4D4B53B1 old.round=0  old.sequence=137 old.state="Accept request" old.proposer=0x93917cADBace5dFCE132B991732c6Cda9bcC5B8a next.round=0 next.seq=138 next.proposer=0x98C1334496614aED49d2E81526D089f7264fED9C next.valSet="[0x27A97C9AaF04f18f3014c32e036dD0Ac76Da5f18 0x93917cADBace5dFCE132B991732c6Cda9bcC5B8a 0x98C1334496614aED49d2E81526D089f7264fED9C 0xcE412f988377e31F4d0fF12d74df73B51C42d0cA]" next.size=4 next.IsProposer=false
INFO [02-24|03:12:26.131] Imported new chain segment               blocks=1   txs=0 mgas=0.000 elapsed=34.701ms    mgasps=0.000 number=138 hash=93acac..be9df3 dirty=0.00B
INFO [02-24|03:12:26.133] QBFT: start new round                    address=0x401BDFcd9221CD790E7cd66EeCE303eD4D4B53B1 old.round=0  old.sequence=138 old.state="Accept request" old.proposer=0x98C1334496614aED49d2E81526D089f7264fED9C next.round=0 next.seq=139 next.proposer=0xcE412f988377e31F4d0fF12d74df73B51C42d0cA next.valSet="[0x27A97C9AaF04f18f3014c32e036dD0Ac76Da5f18 0x93917cADBace5dFCE132B991732c6Cda9bcC5B8a 0x98C1334496614aED49d2E81526D089f7264fED9C 0xcE412f988377e31F4d0fF12d74df73B51C42d0cA]" next.size=4 next.IsProposer=false
INFO [02-24|03:12:31.572] Imported new chain segment               blocks=1   txs=0 mgas=0.000 elapsed=1.372ms     mgasps=0.000 number=139 hash=9dde6f..e73dfd dirty=0.00B
WARN [02-24|03:12:36.120] Block sealing failed                     err=unauthorized
INFO [02-24|03:12:36.123] QBFT: start new round                    address=0x401BDFcd9221CD790E7cd66EeCE303eD4D4B53B1 old.round=0  old.sequence=140 old.state="Accept request" old.proposer=0x27A97C9AaF04f18f3014c32e036dD0Ac76Da5f18 next.round=0 next.seq=141 next.proposer=0x93917cADBace5dFCE132B991732c6Cda9bcC5B8a next.valSet="[0x27A97C9AaF04f18f3014c32e036dD0Ac76Da5f18 0x93917cADBace5dFCE132B991732c6Cda9bcC5B8a 0x98C1334496614aED49d2E81526D089f7264fED9C 0xcE412f988377e31F4d0fF12d74df73B51C42d0cA]" next.size=4 next.IsProposer=false
INFO [02-24|03:12:46.110] Imported new chain segment               blocks=1   txs=0 mgas=0.000 elapsed=6.794ms     mgasps=0.000 number=142 hash=213d44..d9938c dirty=0.00B
INFO [02-24|03:12:46.128] QBFT: handle final committed             address=0x401BDFcd9221CD790E7cd66EeCE303eD4D4B53B1 current.round=0 current.sequence=142 state="Accept request"
INFO [02-24|03:12:51.198] Imported new chain segment               blocks=1   txs=0 mgas=0.000 elapsed=20.108ms    mgasps=0.000 number=143 hash=81c105..a8eef5 dirty=0.00B
INFO [02-24|03:12:51.203] Commit new mining work                   number=144 sealhash=9e58dc..fa1442 uncles=0 txs=0 gas=0 fees=0 elapsed=3.512ms
INFO [02-24|03:12:56.068] Imported new chain segment               blocks=1   txs=0 mgas=0.000 elapsed=2.920ms     mgasps=0.000 number=144 hash=09dee4..196493 dirty=0.00B
WARN [02-24|03:12:56.072] Block sealing failed                     err=unauthorized
INFO [02-24|03:13:01.177] Imported new chain segment               blocks=1   txs=0 mgas=0.000 elapsed=55.009ms    mgasps=0.000 number=145 hash=3ebbd2..908c4b dirty=0.00B
INFO [02-24|03:13:06.069] Imported new chain segment               blocks=1   txs=0 mgas=0.000 elapsed=2.154ms     mgasps=0.000 number=146 hash=a79753..dc7596 dirty=0.00B
INFO [02-24|03:13:16.139] QBFT: handle final committed             address=0x401BDFcd9221CD790E7cd66EeCE303eD4D4B53B1 current.round=0 current.sequence=148 state="Accept request"
INFO [02-24|03:13:22.822] QBFT: start new round                    address=0x401BDFcd9221CD790E7cd66EeCE303eD4D4B53B1 old.round=0  old.sequence=149 old.state="Accept request" old.proposer=0x93917cADBace5dFCE132B991732c6Cda9bcC5B8a next.round=0 next.seq=150 next.proposer=0x98C1334496614aED49d2E81526D089f7264fED9C next.valSet="[0x27A97C9AaF04f18f3014c32e036dD0Ac76Da5f18 0x93917cADBace5dFCE132B991732c6Cda9bcC5B8a 0x98C1334496614aED49d2E81526D089f7264fED9C 0xcE412f988377e31F4d0fF12d74df73B51C42d0cA]" next.size=4 next.IsProposer=false
INFO [02-24|03:13:31.093] Imported new chain segment               blocks=1   txs=0 mgas=0.000 elapsed=5.502ms     mgasps=0.000 number=151 hash=9b5988..1d21e3 dirty=0.00B
INFO [02-24|03:13:31.102] QBFT: handle final committed             address=0x401BDFcd9221CD790E7cd66EeCE303eD4D4B53B1 current.round=0 current.sequence=151 state="Accept request"
INFO [02-24|03:13:36.583] Imported new chain segment               blocks=1   txs=0 mgas=0.000 elapsed=6.428ms     mgasps=0.000 number=152 hash=438d2e..8506c0 dirty=0.00B
INFO [02-24|03:13:41.067] Imported new chain segment               blocks=1   txs=0 mgas=0.000 elapsed=1.134ms     mgasps=0.000 number=153 hash=45a39b..c9f452 dirty=0.00B
INFO [02-24|03:13:41.069] QBFT: initialize new round               address=0x401BDFcd9221CD790E7cd66EeCE303eD4D4B53B1 current.round=0 current.sequence=153 target.round=0 lastProposal.number=153 lastProposal.hash=45a39b..c9f452
INFO [02-24|03:13:46.140] Imported new chain segment               blocks=1   txs=0 mgas=0.000 elapsed=2.244ms     mgasps=0.000 number=154 hash=71870b..7c14e5 dirty=0.00B
INFO [02-24|03:13:51.053] Imported new chain segment               blocks=1   txs=0 mgas=0.000 elapsed=6.019ms     mgasps=0.000 number=155 hash=dbc5fc..f17e65 dirty=0.00B
INFO [02-24|03:13:56.041] Imported new chain segment               blocks=1   txs=0 mgas=0.000 elapsed="848.083µs" mgasps=0.000 number=156 hash=c275df..b1f005 dirty=0.00B
INFO [02-24|03:14:01.056] Imported new chain segment               blocks=1   txs=0 mgas=0.000 elapsed=5.619ms     mgasps=0.000 number=157 hash=22c7f9..b0c396 dirty=0.00B
INFO [02-24|03:14:16.640] Imported new chain segment               blocks=1   txs=0 mgas=0.000 elapsed=1.460ms     mgasps=0.000 number=160 hash=d49c97..37c3cf dirty=0.00B
INFO [02-24|03:14:21.110] Imported new chain segment               blocks=1   txs=0 mgas=0.000 elapsed=20.259ms    mgasps=0.000 number=161 hash=bc342b..36598b dirty=0.00B
INFO [02-24|03:14:21.112] QBFT: start new round                    address=0x401BDFcd9221CD790E7cd66EeCE303eD4D4B53B1 old.round=0  old.sequence=161 old.state="Accept request" old.proposer=0x93917cADBace5dFCE132B991732c6Cda9bcC5B8a next.round=0 next.seq=162 next.proposer=0x98C1334496614aED49d2E81526D089f7264fED9C next.valSet="[0x27A97C9AaF04f18f3014c32e036dD0Ac76Da5f18 0x93917cADBace5dFCE132B991732c6Cda9bcC5B8a 0x98C1334496614aED49d2E81526D089f7264fED9C 0xcE412f988377e31F4d0fF12d74df73B51C42d0cA]" next.size=4 next.IsProposer=false
INFO [02-24|03:14:26.592] Commit new mining work                   number=163 sealhash=9dde08..cbe11f uncles=0 txs=0 gas=0 fees=0 elapsed=4.354ms
INFO [02-24|03:14:31.168] Imported new chain segment               blocks=1   txs=0 mgas=0.000 elapsed=2.051ms     mgasps=0.000 number=163 hash=f3f93a..edb8ea dirty=0.00B
INFO [02-24|03:14:36.086] Imported new chain segment               blocks=1   txs=0 mgas=0.000 elapsed=9.015ms     mgasps=0.000 number=164 hash=bb29ca..e162e1 dirty=0.00B
INFO [02-24|03:14:36.089] QBFT: start new round                    address=0x401BDFcd9221CD790E7cd66EeCE303eD4D4B53B1 old.round=0  old.sequence=164 old.state="Accept request" old.proposer=0x27A97C9AaF04f18f3014c32e036dD0Ac76Da5f18 next.round=0 next.seq=165 next.proposer=0x93917cADBace5dFCE132B991732c6Cda9bcC5B8a next.valSet="[0x27A97C9AaF04f18f3014c32e036dD0Ac76Da5f18 0x93917cADBace5dFCE132B991732c6Cda9bcC5B8a 0x98C1334496614aED49d2E81526D089f7264fED9C 0xcE412f988377e31F4d0fF12d74df73B51C42d0cA]" next.size=4 next.IsProposer=false
INFO [02-24|03:14:41.946] Imported new chain segment               blocks=1   txs=0 mgas=0.000 elapsed=8.183ms     mgasps=0.000 number=165 hash=6c2db6..6d4d3d dirty=0.00B
INFO [02-24|03:14:47.132] Imported new chain segment               blocks=1   txs=0 mgas=0.000 elapsed=29.608ms    mgasps=0.000 number=166 hash=8f5bc0..742f65 dirty=0.00B
INFO [02-24|03:14:51.058] Imported new chain segment               blocks=1   txs=0 mgas=0.000 elapsed=3.868ms     mgasps=0.000 number=167 hash=3712f0..e57d5d dirty=0.00B
INFO [02-24|03:14:56.434] Imported new chain segment               blocks=1   txs=0 mgas=0.000 elapsed=52.444ms    mgasps=0.000 number=168 hash=75b7f5..c56808 dirty=0.00B
INFO [02-24|03:15:01.157] Imported new chain segment               blocks=1   txs=0 mgas=0.000 elapsed=5.524ms     mgasps=0.000 number=169 hash=c2e933..1c9161 dirty=0.00B
INFO [02-24|03:15:06.143] Imported new chain segment               blocks=1   txs=0 mgas=0.000 elapsed=2.661ms     mgasps=0.000 number=170 hash=6700c3..4ed8f5 dirty=0.00B
INFO [02-24|03:15:16.205] Imported new chain segment               blocks=1   txs=0 mgas=0.000 elapsed=2.155ms     mgasps=0.000 number=172 hash=ca2a95..ea0e5a dirty=0.00B
INFO [02-24|03:15:16.207] Commit new mining work                   number=173 sealhash=47e65d..23d408 uncles=0 txs=0 gas=0 fees=0 elapsed="678.875µs"
INFO [02-24|03:15:26.103] QBFT: start new round                    address=0x401BDFcd9221CD790E7cd66EeCE303eD4D4B53B1 old.round=0  old.sequence=174 old.state="Accept request" old.proposer=0x98C1334496614aED49d2E81526D089f7264fED9C next.round=0 next.seq=175 next.proposer=0xcE412f988377e31F4d0fF12d74df73B51C42d0cA next.valSet="[0x27A97C9AaF04f18f3014c32e036dD0Ac76Da5f18 0x93917cADBace5dFCE132B991732c6Cda9bcC5B8a 0x98C1334496614aED49d2E81526D089f7264fED9C 0xcE412f988377e31F4d0fF12d74df73B51C42d0cA]" next.size=4 next.IsProposer=false
WARN [02-24|03:15:26.117] Block sealing failed                     err=unauthorized
INFO [02-24|03:15:31.085] Imported new chain segment               blocks=1   txs=0 mgas=0.000 elapsed=4.332ms     mgasps=0.000 number=175 hash=81f7f3..88431c dirty=0.00B
INFO [02-24|03:15:31.091] QBFT: handle final committed             address=0x401BDFcd9221CD790E7cd66EeCE303eD4D4B53B1 current.round=0 current.sequence=175 state="Accept request"
INFO [02-24|03:15:31.091] QBFT: initialize new round               address=0x401BDFcd9221CD790E7cd66EeCE303eD4D4B53B1 current.round=0 current.sequence=175 target.round=0 lastProposal.number=175 lastProposal.hash=81f7f3..88431c
INFO [02-24|03:15:31.092] QBFT: start new round                    address=0x401BDFcd9221CD790E7cd66EeCE303eD4D4B53B1 old.round=0  old.sequence=175 old.state="Accept request" old.proposer=0xcE412f988377e31F4d0fF12d74df73B51C42d0cA next.round=0 next.seq=176 next.proposer=0x27A97C9AaF04f18f3014c32e036dD0Ac76Da5f18 next.valSet="[0x27A97C9AaF04f18f3014c32e036dD0Ac76Da5f18 0x93917cADBace5dFCE132B991732c6Cda9bcC5B8a 0x98C1334496614aED49d2E81526D089f7264fED9C 0xcE412f988377e31F4d0fF12d74df73B51C42d0cA]" next.size=4 next.IsProposer=false
INFO [02-24|03:15:36.608] Imported new chain segment               blocks=1   txs=0 mgas=0.000 elapsed=1.463ms     mgasps=0.000 number=176 hash=daf744..0140ff dirty=0.00B
INFO [02-24|03:15:36.609] QBFT: start new round                    address=0x401BDFcd9221CD790E7cd66EeCE303eD4D4B53B1 old.round=0  old.sequence=176 old.state="Accept request" old.proposer=0x27A97C9AaF04f18f3014c32e036dD0Ac76Da5f18 next.round=0 next.seq=177 next.proposer=0x93917cADBace5dFCE132B991732c6Cda9bcC5B8a next.valSet="[0x27A97C9AaF04f18f3014c32e036dD0Ac76Da5f18 0x93917cADBace5dFCE132B991732c6Cda9bcC5B8a 0x98C1334496614aED49d2E81526D089f7264fED9C 0xcE412f988377e31F4d0fF12d74df73B51C42d0cA]" next.size=4 next.IsProposer=false
INFO [02-24|03:15:41.067] Imported new chain segment               blocks=1   txs=0 mgas=0.000 elapsed=1.811ms     mgasps=0.000 number=177 hash=7d9a8d..504d54 dirty=0.00B
INFO [02-24|03:15:46.580] Imported new chain segment               blocks=1   txs=0 mgas=0.000 elapsed=1.943ms     mgasps=0.000 number=178 hash=c09a24..86b6f1 dirty=0.00B
INFO [02-24|03:15:46.582] Commit new mining work                   number=179 sealhash=c9ff2c..42449b uncles=0 txs=0 gas=0 fees=0 elapsed=1.933ms
WARN [02-24|03:15:46.583] Block sealing failed                     err=unauthorized
INFO [02-24|03:15:56.125] Imported new chain segment               blocks=1   txs=0 mgas=0.000 elapsed=3.055ms     mgasps=0.000 number=180 hash=5e9dae..b92017 dirty=0.00B
INFO [02-24|03:16:01.195] Imported new chain segment               blocks=1   txs=0 mgas=0.000 elapsed=64.117ms    mgasps=0.000 number=181 hash=cb6507..7bf7a9 dirty=0.00B
