INFO [02-24|03:10:05.186] Starting pprof server                    addr=http://0.0.0.0:9545/debug/pprof
INFO [02-24|03:10:05.748] Maximum peer count                       ETH=50 LES=0 total=50
WARN [02-24|03:10:05.750] Found deprecated node list file /data/static-nodes.json, please use the TOML config file instead. 
INFO [02-24|03:10:05.754] Set global gas cap                       cap=25,000,000
INFO [02-24|03:10:05.866] Tessera API version: 5.0 
INFO [02-24|03:10:05.904] Initialised chain configuration          config="{ChainID: 1337 Homestead: 0 DAO: <nil> DAOSupport: false EIP150: 0 EIP155: 0 EIP158: 0 Byzantium: 0 IsQuorum: true Constantinople: 0 TransactionSizeLimit: 0 MaxCodeSize: 0 Petersburg: 0 Istanbul: 0, Muir Glacier: <nil>, Berlin: <nil>  Catalyst: <nil> YOLO v3: <nil> PrivacyEnhancements: <nil> PrivacyPrecompile: <nil> EnableGasPriceBlock: <nil> Engine: unknown}"
INFO [02-24|03:10:05.907] Initialising Ethereum protocol           network=1337 dbversion=<nil>
WARN [02-24|03:10:05.910] Error reading unclean shutdown markers   error="leveldb: not found"
INFO [02-24|03:10:05.910] No plugins to initialise 
INFO [02-24|03:10:05.913] Generated state snapshot                 accounts=11 slots=0 storage=544.00B elapsed=5.007ms
INFO [02-24|03:10:05.934] Security Plugin is not enabled 
WARN [02-24|03:10:05.940] full p2p peer                            id=133b4f32d7750cdfd4048f04df8b560be949c229c821731554c33ead5e3888a4 ethPeer="Peer 133b4f32d7750cdf 172.16.239.15:30303"
INFO [02-24|03:10:05.988] Downloader queue stats                   receiptTasks=0 blockTasks=0 itemSize=871.98B throttle=8192
INFO [02-24|03:10:06.087] Imported new chain segment               blocks=107 txs=0 mgas=0.000 elapsed=98.312ms mgasps=0.000 number=107 hash=0f3d4e..5bffd4 dirty=0.00B
INFO [02-24|03:10:07.228] Unlocked account                         address=0xcA843569e3427144cEad5e4d5999a3D0cCF92B8e
INFO [02-24|03:10:09.079] start QBFT 
INFO [02-24|03:10:09.080] BFT: activate QBFT 
INFO [02-24|03:10:09.080] QBFT: start                              address=0xe090A28b8a9D0a69EC259CB745036d5D1030e3Ea
INFO [02-24|03:10:09.080] QBFT: initialize new round               address=0xe090A28b8a9D0a69EC259CB745036d5D1030e3Ea old.round=-1 old.seq=0 target.round=0 lastProposal.number=110 lastProposal.hash=1ee9ed..904085
INFO [02-24|03:10:09.080] QBFT: start new round                    address=0xe090A28b8a9D0a69EC259CB745036d5D1030e3Ea old.round=-1 old.seq=0 next.round=0 next.seq=111 next.proposer=0xcE412f988377e31F4d0fF12d74df73B51C42d0cA next.valSet="[0x27A97C9AaF04f18f3014c32e036dD0Ac76Da5f18 0x93917cADBace5dFCE132B991732c6Cda9bcC5B8a 0x98C1334496614aED49d2E81526D089f7264fED9C 0xcE412f988377e31F4d0fF12d74df73B51C42d0cA]" next.size=4 next.IsProposer=false
INFO [02-24|03:10:09.084] Commit new mining work                   number=111 sealhash=c30adf..6ab7e3 uncles=0 txs=0 gas=0 fees=0 elapsed=3.603ms
WARN [02-24|03:10:09.085] Block sealing failed                     err=unauthorized
INFO [02-24|03:10:16.148] Imported new chain segment               blocks=1   txs=0 mgas=0.000 elapsed=2.427ms  mgasps=0.000 number=112 hash=23ec14..3f9ba6 dirty=0.00B
INFO [02-24|03:10:30.233] Imported new chain segment               blocks=1   txs=0 mgas=0.000 elapsed=11.630ms   mgasps=0.000 number=114 hash=05cc37..019177 dirty=0.00B
INFO [02-24|03:10:31.683] Imported new chain segment               blocks=1   txs=0 mgas=0.000 elapsed=17.023ms   mgasps=0.000 number=115 hash=94a135..d7b48f dirty=0.00B
INFO [02-24|03:10:31.883] QBFT: handle final committed             address=0xe090A28b8a9D0a69EC259CB745036d5D1030e3Ea current.round=0 current.sequence=115 state="Accept request"
WARN [02-24|03:10:31.886] Block sealing failed                     err=unauthorized
INFO [02-24|03:10:31.886] Commit new mining work                   number=116 sealhash=b021ab..f00c98 uncles=0 txs=0 gas=0 fees=0 elapsed=182.543ms
INFO [02-24|03:10:31.909] QBFT: initialize new round               address=0xe090A28b8a9D0a69EC259CB745036d5D1030e3Ea current.round=0 current.sequence=115 target.round=0 lastProposal.number=115 lastProposal.hash=94a135..d7b48f
INFO [02-24|03:10:31.910] QBFT: start new round                    address=0xe090A28b8a9D0a69EC259CB745036d5D1030e3Ea old.round=0  old.sequence=115 old.state="Accept request" old.proposer=0xcE412f988377e31F4d0fF12d74df73B51C42d0cA next.round=0 next.seq=116 next.proposer=0x27A97C9AaF04f18f3014c32e036dD0Ac76Da5f18 next.valSet="[0x27A97C9AaF04f18f3014c32e036dD0Ac76Da5f18 0x93917cADBace5dFCE132B991732c6Cda9bcC5B8a 0x98C1334496614aED49d2E81526D089f7264fED9C 0xcE412f988377e31F4d0fF12d74df73B51C42d0cA]" next.size=4 next.IsProposer=false
INFO [02-24|03:10:36.459] Imported new chain segment               blocks=1   txs=0 mgas=0.000 elapsed=53.400ms   mgasps=0.000 number=116 hash=b9c4d4..78a799 dirty=0.00B
INFO [02-24|03:10:41.831] QBFT: handle final committed             address=0xe090A28b8a9D0a69EC259CB745036d5D1030e3Ea current.round=0 current.sequence=117 state="Accept request"
INFO [02-24|03:10:41.836] QBFT: start new round                    address=0xe090A28b8a9D0a69EC259CB745036d5D1030e3Ea old.round=0  old.sequence=117 old.state="Accept request" old.proposer=0x93917cADBace5dFCE132B991732c6Cda9bcC5B8a next.round=0 next.seq=118 next.proposer=0x98C1334496614aED49d2E81526D089f7264fED9C next.valSet="[0x27A97C9AaF04f18f3014c32e036dD0Ac76Da5f18 0x93917cADBace5dFCE132B991732c6Cda9bcC5B8a 0x98C1334496614aED49d2E81526D089f7264fED9C 0xcE412f988377e31F4d0fF12d74df73B51C42d0cA]" next.size=4 next.IsProposer=false
INFO [02-24|03:10:56.353] Imported new chain segment               blocks=1   txs=0 mgas=0.000 elapsed=33.527ms    mgasps=0.000 number=120 hash=152598..70d415 dirty=0.00B
INFO [02-24|03:11:01.080] Imported new chain segment               blocks=1   txs=0 mgas=0.000 elapsed=4.098ms     mgasps=0.000 number=121 hash=3ce568..e4a68d dirty=0.00B
INFO [02-24|03:11:01.090] Commit new mining work                   number=122 sealhash=051eab..1bbe45 uncles=0 txs=0 gas=0 fees=0 elapsed=1.360ms
INFO [02-24|03:11:06.130] Imported new chain segment               blocks=1   txs=0 mgas=0.000 elapsed=35.733ms    mgasps=0.000 number=122 hash=49120b..615126 dirty=0.00B
INFO [02-24|03:11:16.091] Imported new chain segment               blocks=1   txs=0 mgas=0.000 elapsed=9.424ms     mgasps=0.000 number=124 hash=9c7a86..7bfbb4 dirty=0.00B
INFO [02-24|03:11:16.099] QBFT: handle final committed             address=0xe090A28b8a9D0a69EC259CB745036d5D1030e3Ea current.round=0 current.sequence=124 state="Accept request"
WARN [02-24|03:11:27.369] Block sealing failed                     err=unauthorized
INFO [02-24|03:11:27.369] QBFT: handle final committed             address=0xe090A28b8a9D0a69EC259CB745036d5D1030e3Ea current.round=0 current.sequence=126 state="Accept request"
INFO [02-24|03:11:27.370] QBFT: initialize new round               address=0xe090A28b8a9D0a69EC259CB745036d5D1030e3Ea current.round=0 current.sequence=126 target.round=0 lastProposal.number=126 lastProposal.hash=9ad536..e54f42
INFO [02-24|03:11:27.370] QBFT: start new round                    address=0xe090A28b8a9D0a69EC259CB745036d5D1030e3Ea old.round=0  old.sequence=126 old.state="Accept request" old.proposer=0x98C1334496614aED49d2E81526D089f7264fED9C next.round=0 next.seq=127 next.proposer=0xcE412f988377e31F4d0fF12d74df73B51C42d0cA next.valSet="[0x27A97C9AaF04f18f3014c32e036dD0Ac76Da5f18 0x93917cADBace5dFCE132B991732c6Cda9bcC5B8a 0x98C1334496614aED49d2E81526D089f7264fED9C 0xcE412f988377e31F4d0fF12d74df73B51C42d0cA]" next.size=4 next.IsProposer=false
INFO [02-24|03:11:31.567] Imported new chain segment               blocks=1   txs=0 mgas=0.000 elapsed=1.149ms     mgasps=0.000 number=127 hash=a99888..1df5f6 dirty=0.00B
INFO [02-24|03:11:41.178] Imported new chain segment               blocks=1   txs=0 mgas=0.000 elapsed=5.633ms     mgasps=0.000 number=129 hash=338759..fa11e1 dirty=0.00B
INFO [02-24|03:11:46.176] Imported new chain segment               blocks=1   txs=0 mgas=0.000 elapsed=15.570ms    mgasps=0.000 number=130 hash=645173..7eb067 dirty=0.00B
INFO [02-24|03:11:51.212] Imported new chain segment               blocks=1   txs=0 mgas=0.000 elapsed=7.967ms     mgasps=0.000 number=131 hash=1869a7..e519e3 dirty=0.00B
INFO [02-24|03:11:57.451] Commit new mining work                   number=133 sealhash=394ceb..2a5fa0 uncles=0 txs=0 gas=0 fees=0 elapsed="727.792µs"
WARN [02-24|03:11:57.451] Block sealing failed                     err=unauthorized
INFO [02-24|03:11:57.451] QBFT: handle final committed             address=0xe090A28b8a9D0a69EC259CB745036d5D1030e3Ea current.round=0 current.sequence=132 state="Accept request"
INFO [02-24|03:11:57.451] QBFT: initialize new round               address=0xe090A28b8a9D0a69EC259CB745036d5D1030e3Ea current.round=0 current.sequence=132 target.round=0 lastProposal.number=132 lastProposal.hash=e4e95b..e9df0a
INFO [02-24|03:11:57.451] QBFT: start new round                    address=0xe090A28b8a9D0a69EC259CB745036d5D1030e3Ea old.round=0  old.sequence=132 old.state="Accept request" old.proposer=0x27A97C9AaF04f18f3014c32e036dD0Ac76Da5f18 next.round=0 next.seq=133 next.proposer=0x93917cADBace5dFCE132B991732c6Cda9bcC5B8a next.valSet="[0x27A97C9AaF04f18f3014c32e036dD0Ac76Da5f18 0x93917cADBace5dFCE132B991732c6Cda9bcC5B8a 0x98C1334496614aED49d2E81526D089f7264fED9C 0xcE412f988377e31F4d0fF12d74df73B51C42d0cA]" next.size=4 next.IsProposer=false
INFO [02-24|03:12:06.228] Imported new chain segment               blocks=1   txs=0 mgas=0.000 elapsed=1.577ms     mgasps=0.000 number=134 hash=41d300..9fbf6c dirty=0.00B
INFO [02-24|03:12:11.301] Imported new chain segment               blocks=1   txs=0 mgas=0.000 elapsed=9.818ms     mgasps=0.000 number=135 hash=8e5412..dfd861 dirty=0.00B
INFO [02-24|03:12:21.216] Imported new chain segment               blocks=1   txs=0 mgas=0.000 elapsed=19.224ms    mgasps=0.000 number=137 hash=23b23a..3946e5 dirty=0.00B
INFO [02-24|03:12:26.107] Imported new chain segment               blocks=1   txs=0 mgas=0.000 elapsed=5.693ms     mgasps=0.000 number=138 hash=93acac..be9df3 dirty=0.00B
INFO [02-24|03:12:41.144] Imported new chain segment               blocks=1   txs=0 mgas=0.000 elapsed=10.253ms    mgasps=0.000 number=141 hash=69aa66..61b89e dirty=0.00B
INFO [02-24|03:12:46.127] QBFT: handle final committed             address=0xe090A28b8a9D0a69EC259CB745036d5D1030e3Ea current.round=0 current.sequence=142 state="Accept request"
INFO [02-24|03:12:51.186] Imported new chain segment               blocks=1   txs=0 mgas=0.000 elapsed=13.501ms    mgasps=0.000 number=143 hash=81c105..a8eef5 dirty=0.00B
INFO [02-24|03:12:51.202] QBFT: start new round                    address=0xe090A28b8a9D0a69EC259CB745036d5D1030e3Ea old.round=0  old.sequence=143 old.state="Accept request" old.proposer=0xcE412f988377e31F4d0fF12d74df73B51C42d0cA next.round=0 next.seq=144 next.proposer=0x27A97C9AaF04f18f3014c32e036dD0Ac76Da5f18 next.valSet="[0x27A97C9AaF04f18f3014c32e036dD0Ac76Da5f18 0x93917cADBace5dFCE132B991732c6Cda9bcC5B8a 0x98C1334496614aED49d2E81526D089f7264fED9C 0xcE412f988377e31F4d0fF12d74df73B51C42d0cA]" next.size=4 next.IsProposer=false
INFO [02-24|03:12:56.085] Imported new chain segment               blocks=1   txs=0 mgas=0.000 elapsed=1.603ms     mgasps=0.000 number=144 hash=09dee4..196493 dirty=0.00B
INFO [02-24|03:12:56.086] QBFT: handle final committed             address=0xe090A28b8a9D0a69EC259CB745036d5D1030e3Ea current.round=0 current.sequence=144 state="Accept request"
INFO [02-24|03:13:01.143] Imported new chain segment               blocks=1   txs=0 mgas=0.000 elapsed=30.439ms    mgasps=0.000 number=145 hash=3ebbd2..908c4b dirty=0.00B
INFO [02-24|03:13:06.065] Imported new chain segment               blocks=1   txs=0 mgas=0.000 elapsed=1.577ms     mgasps=0.000 number=146 hash=a79753..dc7596 dirty=0.00B
INFO [02-24|03:13:11.133] Imported new chain segment               blocks=1   txs=0 mgas=0.000 elapsed=3.535ms     mgasps=0.000 number=147 hash=4128b0..c69f2d dirty=0.00B
INFO [02-24|03:13:16.148] Imported new chain segment               blocks=1   txs=0 mgas=0.000 elapsed=13.119ms    mgasps=0.000 number=148 hash=4a32e7..5b7aec dirty=0.00B
INFO [02-24|03:13:16.162] Commit new mining work                   number=149 sealhash=ea576c..1cacc8 uncles=0 txs=0 gas=0 fees=0 elapsed=2.269ms
INFO [02-24|03:13:23.217] Imported new chain segment               blocks=1   txs=0 mgas=0.000 elapsed=1.934ms     mgasps=0.000 number=149 hash=e710b9..fce8b6 dirty=0.00B
INFO [02-24|03:13:26.089] Imported new chain segment               blocks=1   txs=0 mgas=0.000 elapsed=1.691ms     mgasps=0.000 number=150 hash=fbc464..0fc74e dirty=0.00B
INFO [02-24|03:13:31.075] Imported new chain segment               blocks=1   txs=0 mgas=0.000 elapsed=3.212ms     mgasps=0.000 number=151 hash=9b5988..1d21e3 dirty=0.00B
INFO [02-24|03:13:46.188] Imported new chain segment               blocks=1   txs=0 mgas=0.000 elapsed=4.722ms     mgasps=0.000 number=154 hash=71870b..7c14e5 dirty=0.00B
INFO [02-24|03:13:51.043] Imported new chain segment               blocks=1   txs=0 mgas=0.000 elapsed=2.896ms     mgasps=0.000 number=155 hash=dbc5fc..f17e65 dirty=0.00B
INFO [02-24|03:13:51.045] Commit new mining work                   number=156 sealhash=9ea140..848583 uncles=0 txs=0 gas=0 fees=0 elapsed="817.834µs"
INFO [02-24|03:13:56.558] Imported new chain segment               blocks=1   txs=0 mgas=0.000 elapsed=1.742ms     mgasps=0.000 number=156 hash=c275df..b1f005 dirty=0.00B
INFO [02-24|03:13:56.560] QBFT: start new round                    address=0xe090A28b8a9D0a69EC259CB745036d5D1030e3Ea old.round=0  old.sequence=156 old.state="Accept request" old.proposer=0x27A97C9AaF04f18f3014c32e036dD0Ac76Da5f18 next.round=0 next.seq=157 next.proposer=0x93917cADBace5dFCE132B991732c6Cda9bcC5B8a next.valSet="[0x27A97C9AaF04f18f3014c32e036dD0Ac76Da5f18 0x93917cADBace5dFCE132B991732c6Cda9bcC5B8a 0x98C1334496614aED49d2E81526D089f7264fED9C 0xcE412f988377e31F4d0fF12d74df73B51C42d0cA]" next.size=4 next.IsProposer=false
INFO [02-24|03:14:01.059] Imported new chain segment               blocks=1   txs=0 mgas=0.000 elapsed=11.439ms    mgasps=0.000 number=157 hash=22c7f9..b0c396 dirty=0.00B
INFO [02-24|03:14:01.065] QBFT: handle final committed             address=0xe090A28b8a9D0a69EC259CB745036d5D1030e3Ea current.round=0 current.sequence=157 state="Accept request"
INFO [02-24|03:14:11.069] Imported new chain segment               blocks=1   txs=0 mgas=0.000 elapsed=2.614ms     mgasps=0.000 number=159 hash=91212f..461f52 dirty=0.00B
INFO [02-24|03:14:16.127] Imported new chain segment               blocks=1   txs=0 mgas=0.000 elapsed=2.226ms     mgasps=0.000 number=160 hash=d49c97..37c3cf dirty=0.00B
INFO [02-24|03:14:21.088] QBFT: handle final committed             address=0xe090A28b8a9D0a69EC259CB745036d5D1030e3Ea current.round=0 current.sequence=161 state="Accept request"
INFO [02-24|03:14:21.100] QBFT: start new round                    address=0xe090A28b8a9D0a69EC259CB745036d5D1030e3Ea old.round=0  old.sequence=161 old.state="Accept request" old.proposer=0x93917cADBace5dFCE132B991732c6Cda9bcC5B8a next.round=0 next.seq=162 next.proposer=0x98C1334496614aED49d2E81526D089f7264fED9C next.valSet="[0x27A97C9AaF04f18f3014c32e036dD0Ac76Da5f18 0x93917cADBace5dFCE132B991732c6Cda9bcC5B8a 0x98C1334496614aED49d2E81526D089f7264fED9C 0xcE412f988377e31F4d0fF12d74df73B51C42d0cA]" next.size=4 next.IsProposer=false
INFO [02-24|03:14:26.587] QBFT: handle final committed             address=0xe090A28b8a9D0a69EC259CB745036d5D1030e3Ea current.round=0 current.sequence=162 state="Accept request"
INFO [02-24|03:14:26.587] QBFT: initialize new round               address=0xe090A28b8a9D0a69EC259CB745036d5D1030e3Ea current.round=0 current.sequence=162 target.round=0 lastProposal.number=162 lastProposal.hash=330013..49ceaa
INFO [02-24|03:14:31.158] Commit new mining work                   number=164 sealhash=63c20c..cd59fe uncles=0 txs=0 gas=0 fees=0 elapsed=2.545ms
INFO [02-24|03:14:36.085] Imported new chain segment               blocks=1   txs=0 mgas=0.000 elapsed=2.595ms     mgasps=0.000 number=164 hash=bb29ca..e162e1 dirty=0.00B
INFO [02-24|03:14:42.042] Commit new mining work                   number=166 sealhash=335bac..b4b5ea uncles=0 txs=0 gas=0 fees=0 elapsed=12.113ms
WARN [02-24|03:14:42.119] Block sealing failed                     err=unauthorized
INFO [02-24|03:14:42.119] QBFT: handle final committed             address=0xe090A28b8a9D0a69EC259CB745036d5D1030e3Ea current.round=0 current.sequence=165 state="Accept request"
INFO [02-24|03:14:42.119] QBFT: initialize new round               address=0xe090A28b8a9D0a69EC259CB745036d5D1030e3Ea current.round=0 current.sequence=165 target.round=0 lastProposal.number=165 lastProposal.hash=6c2db6..6d4d3d
INFO [02-24|03:14:47.226] Imported new chain segment               blocks=1   txs=0 mgas=0.000 elapsed=53.384ms    mgasps=0.000 number=166 hash=8f5bc0..742f65 dirty=0.00B
INFO [02-24|03:14:47.239] QBFT: start new round                    address=0xe090A28b8a9D0a69EC259CB745036d5D1030e3Ea old.round=0  old.sequence=166 old.state="Accept request" old.proposer=0x98C1334496614aED49d2E81526D089f7264fED9C next.round=0 next.seq=167 next.proposer=0xcE412f988377e31F4d0fF12d74df73B51C42d0cA next.valSet="[0x27A97C9AaF04f18f3014c32e036dD0Ac76Da5f18 0x93917cADBace5dFCE132B991732c6Cda9bcC5B8a 0x98C1334496614aED49d2E81526D089f7264fED9C 0xcE412f988377e31F4d0fF12d74df73B51C42d0cA]" next.size=4 next.IsProposer=false
INFO [02-24|03:14:51.079] QBFT: initialize new round               address=0xe090A28b8a9D0a69EC259CB745036d5D1030e3Ea current.round=0 current.sequence=167 target.round=0 lastProposal.number=167 lastProposal.hash=3712f0..e57d5d
INFO [02-24|03:14:56.376] QBFT: handle final committed             address=0xe090A28b8a9D0a69EC259CB745036d5D1030e3Ea current.round=0 current.sequence=168 state="Accept request"
INFO [02-24|03:15:01.151] Imported new chain segment               blocks=1   txs=0 mgas=0.000 elapsed=6.046ms     mgasps=0.000 number=169 hash=c2e933..1c9161 dirty=0.00B
INFO [02-24|03:15:06.136] Imported new chain segment               blocks=1   txs=0 mgas=0.000 elapsed=3.860ms     mgasps=0.000 number=170 hash=6700c3..4ed8f5 dirty=0.00B
WARN [02-24|03:15:06.160] Block sealing failed                     err=unauthorized
INFO [02-24|03:15:16.222] Imported new chain segment               blocks=1   txs=0 mgas=0.000 elapsed=3.583ms     mgasps=0.000 number=172 hash=ca2a95..ea0e5a dirty=0.00B
INFO [02-24|03:15:16.225] QBFT: start new round                    address=0xe090A28b8a9D0a69EC259CB745036d5D1030e3Ea old.round=0  old.sequence=172 old.state="Accept request" old.proposer=0x27A97C9AaF04f18f3014c32e036dD0Ac76Da5f18 next.round=0 next.seq=173 next.proposer=0x93917cADBace5dFCE132B991732c6Cda9bcC5B8a next.valSet="[0x27A97C9AaF04f18f3014c32e036dD0Ac76Da5f18 0x93917cADBace5dFCE132B991732c6Cda9bcC5B8a 0x98C1334496614aED49d2E81526D089f7264fED9C 0xcE412f988377e31F4d0fF12d74df73B51C42d0cA]" next.size=4 next.IsProposer=false
INFO [02-24|03:15:31.104] Imported new chain segment               blocks=1   txs=0 mgas=0.000 elapsed=18.007ms    mgasps=0.000 number=175 hash=81f7f3..88431c dirty=0.00B
INFO [02-24|03:15:31.110] QBFT: handle final committed             address=0xe090A28b8a9D0a69EC259CB745036d5D1030e3Ea current.round=0 current.sequence=175 state="Accept request"
INFO [02-24|03:15:36.123] QBFT: handle final committed             address=0xe090A28b8a9D0a69EC259CB745036d5D1030e3Ea current.round=0 current.sequence=176 state="Accept request"
INFO [02-24|03:15:41.087] Imported new chain segment               blocks=1   txs=0 mgas=0.000 elapsed=3.552ms     mgasps=0.000 number=177 hash=7d9a8d..504d54 dirty=0.00B
INFO [02-24|03:15:41.088] Commit new mining work                   number=178 sealhash=19a58c..da24e4 uncles=0 txs=0 gas=0 fees=0 elapsed="643.625µs"
INFO [02-24|03:15:46.095] Imported new chain segment               blocks=1   txs=0 mgas=0.000 elapsed=15.460ms    mgasps=0.000 number=178 hash=c09a24..86b6f1 dirty=0.00B
INFO [02-24|03:15:46.099] QBFT: start new round                    address=0xe090A28b8a9D0a69EC259CB745036d5D1030e3Ea old.round=0  old.sequence=178 old.state="Accept request" old.proposer=0x98C1334496614aED49d2E81526D089f7264fED9C next.round=0 next.seq=179 next.proposer=0xcE412f988377e31F4d0fF12d74df73B51C42d0cA next.valSet="[0x27A97C9AaF04f18f3014c32e036dD0Ac76Da5f18 0x93917cADBace5dFCE132B991732c6Cda9bcC5B8a 0x98C1334496614aED49d2E81526D089f7264fED9C 0xcE412f988377e31F4d0fF12d74df73B51C42d0cA]" next.size=4 next.IsProposer=false
INFO [02-24|03:15:56.125] Imported new chain segment               blocks=1   txs=0 mgas=0.000 elapsed=2.727ms     mgasps=0.000 number=180 hash=5e9dae..b92017 dirty=0.00B
INFO [02-24|03:15:56.135] Commit new mining work                   number=181 sealhash=9845c9..cd042c uncles=0 txs=0 gas=0 fees=0 elapsed="451.417µs"
INFO [02-24|03:16:01.202] Commit new mining work                   number=182 sealhash=59721e..078253 uncles=0 txs=0 gas=0 fees=0 elapsed=36.446ms
INFO [02-24|03:16:06.112] Imported new chain segment               blocks=1   txs=0 mgas=0.000 elapsed=23.238ms    mgasps=0.000 number=182 hash=29116b..86b75d dirty=0.00B
INFO [02-24|03:16:11.182] Imported new chain segment               blocks=1   txs=0 mgas=0.000 elapsed=34.571ms    mgasps=0.000 number=183 hash=dfdf80..4b5f83 dirty=0.00B
INFO [02-24|03:16:16.114] QBFT: start new round                    address=0xe090A28b8a9D0a69EC259CB745036d5D1030e3Ea old.round=0  old.sequence=184 old.state="Accept request" old.proposer=0x27A97C9AaF04f18f3014c32e036dD0Ac76Da5f18 next.round=0 next.seq=185 next.proposer=0x93917cADBace5dFCE132B991732c6Cda9bcC5B8a next.valSet="[0x27A97C9AaF04f18f3014c32e036dD0Ac76Da5f18 0x93917cADBace5dFCE132B991732c6Cda9bcC5B8a 0x98C1334496614aED49d2E81526D089f7264fED9C 0xcE412f988377e31F4d0fF12d74df73B51C42d0cA]" next.size=4 next.IsProposer=false
INFO [02-24|03:16:21.144] Imported new chain segment               blocks=1   txs=0 mgas=0.000 elapsed=7.144ms     mgasps=0.000 number=185 hash=a5e0c3..63edb7 dirty=0.00B
INFO [02-24|03:16:21.167] QBFT: handle final committed             address=0xe090A28b8a9D0a69EC259CB745036d5D1030e3Ea current.round=0 current.sequence=185 state="Accept request"
INFO [02-24|03:16:26.125] Imported new chain segment               blocks=1   txs=0 mgas=0.000 elapsed=2.479ms     mgasps=0.000 number=186 hash=514e2f..bc1147 dirty=0.00B
